2022-05-30T21:30:24+00:00 CRITICAL Uncaught Error: Undefined class constant 'MYSQL_ATTR_INIT_COMMAND' in /var/www/html/wp-content/plugins/mailpoet/lib/Doctrine/ConnectionFactory.php:84
Stack trace:
#0 /var/www/html/wp-content/plugins/mailpoet/lib/Doctrine/ConnectionFactory.php(45): MailPoet\Doctrine\ConnectionFactory->getDriverOptions('+03:00', 'utf8mb4', 'utf8mb4_unicode...')
#1 /var/www/html/wp-content/plugins/mailpoet/generated/FreeCachedContainer.php(453): MailPoet\Doctrine\ConnectionFactory->createConnection()
#2 /var/www/html/wp-content/plugins/mailpoet/generated/FreeCachedContainer.php(1964): MailPoetGenerated\FreeCachedContainer->getConnectionService()
#3 /var/www/html/wp-content/plugins/mailpoet/generated/FreeCachedContainer.php(463): MailPoetGenerated\FreeCachedContainer->getEntityManagerFactoryService()
#4 /var/www/html/wp-content/plugins/mailpoet/generated/FreeCachedContainer.php(1932): MailPoetGenerated\FreeCachedContainer->getEntityManagerService()
#5 /var/www/html/wp-content/plugins/mailpoet/generated/FreeCachedContainer.php(325 בקובץ /var/www/html/wp-content/plugins/mailpoet/lib/Doctrine/ConnectionFactory.php בשורה 84

2022-05-30T21:30:32+00:00 CRITICAL Uncaught Error: Undefined class constant 'MYSQL_ATTR_INIT_COMMAND' in /var/www/html/wp-content/plugins/mailpoet/lib/Doctrine/ConnectionFactory.php:84
Stack trace:
#0 /var/www/html/wp-content/plugins/mailpoet/lib/Doctrine/ConnectionFactory.php(45): MailPoet\Doctrine\ConnectionFactory->getDriverOptions('+03:00', 'utf8mb4', 'utf8mb4_unicode...')
#1 /var/www/html/wp-content/plugins/mailpoet/generated/FreeCachedContainer.php(453): MailPoet\Doctrine\ConnectionFactory->createConnection()
#2 /var/www/html/wp-content/plugins/mailpoet/generated/FreeCachedContainer.php(1964): MailPoetGenerated\FreeCachedContainer->getConnectionService()
#3 /var/www/html/wp-content/plugins/mailpoet/generated/FreeCachedContainer.php(463): MailPoetGenerated\FreeCachedContainer->getEntityManagerFactoryService()
#4 /var/www/html/wp-content/plugins/mailpoet/generated/FreeCachedContainer.php(1932): MailPoetGenerated\FreeCachedContainer->getEntityManagerService()
#5 /var/www/html/wp-content/plugins/mailpoet/generated/FreeCachedContainer.php(325 בקובץ /var/www/html/wp-content/plugins/mailpoet/lib/Doctrine/ConnectionFactory.php בשורה 84

2022-05-30T22:34:09+00:00 CRITICAL Uncaught Error: Cannot use object of type Automattic\WooCommerce\Admin\Overrides\Order as array in /var/www/html/wp-content/plugins/tranzilla-bit-payment-gateway/tranzilla-bit-payment-gateway.php:292
Stack trace:
#0 /var/www/html/wp-includes/class-wp-hook.php(307): WC_Tranzilla_Gateway->receipt_page(15)
#1 /var/www/html/wp-includes/class-wp-hook.php(331): WP_Hook->apply_filters('', Array)
#2 /var/www/html/wp-includes/plugin.php(476): WP_Hook->do_action(Array)
#3 /var/www/html/wp-content/plugins/woocommerce/templates/checkout/order-receipt.php(44): do_action('woocommerce_rec...', 15)
#4 /var/www/html/wp-content/plugins/woocommerce/includes/wc-core-functions.php(345): include('/var/www/html/w...')
#5 /var/www/html/wp-content/plugins/woocommerce/includes/shortcodes/class-wc-shortcode-checkout.php(208): wc_get_template('checkout/order-...', Array)
#6 /var/www/html/wp-content/plugins/woocommerce/includes/shortcodes/class-wc-shortcode-checkout.php(59): WC_Shortcode_Checkout::order_pay(15)
#7 /var/www/html/wp-conten בקובץ /var/www/html/wp-content/plugins/tranzilla-bit-payment-gateway/tranzilla-bit-payment-gateway.php בשורה 292

2022-05-30T22:42:04+00:00 CRITICAL Uncaught Error: Cannot use object of type Automattic\WooCommerce\Admin\Overrides\Order as array in /var/www/html/wp-content/plugins/tranzilla-bit-payment-gateway/tranzilla-bit-payment-gateway.php:277
Stack trace:
#0 /var/www/html/wp-includes/class-wp-hook.php(307): WC_Tranzilla_Gateway->receipt_page(15)
#1 /var/www/html/wp-includes/class-wp-hook.php(331): WP_Hook->apply_filters('', Array)
#2 /var/www/html/wp-includes/plugin.php(476): WP_Hook->do_action(Array)
#3 /var/www/html/wp-content/plugins/woocommerce/templates/checkout/order-receipt.php(44): do_action('woocommerce_rec...', 15)
#4 /var/www/html/wp-content/plugins/woocommerce/includes/wc-core-functions.php(345): include('/var/www/html/w...')
#5 /var/www/html/wp-content/plugins/woocommerce/includes/shortcodes/class-wc-shortcode-checkout.php(208): wc_get_template('checkout/order-...', Array)
#6 /var/www/html/wp-content/plugins/woocommerce/includes/shortcodes/class-wc-shortcode-checkout.php(59): WC_Shortcode_Checkout::order_pay(15)
#7 /var/www/html/wp-conten בקובץ /var/www/html/wp-content/plugins/tranzilla-bit-payment-gateway/tranzilla-bit-payment-gateway.php בשורה 277

